                                                     
|:-999
|  OPAFF:-980
|    IDF:200
|    CSTE_STRING:200
|  :-999
|    OPAFF:-980
|      IDF:200
|      IDF:200
|      IDF:200
|        IDF:200
|    :-999
|      OPAFF:-980
|        IDF:200
|        PLUS:-990
|          PLUS:-990
|            IDF:200
|              IDF:200
|              IDF:200
|            MULT:-989
|              CSTE_ENTIERE:2
|              IDF:200
|          CSTE_STRING:200
|      :-999
|        OPAFF:-980
|          IDF:200
|          IDF:200
|            IDF:200
|            IDF:200
|        :-999
|          OPAFF:-980
|            IDF:200
|            PLUS:-990
|              MOINS:-991
|                PLUS:-990
|                  MOINS:-991
|                    CSTE_ENTIERE:2
|                    MULT:-989
|                      CSTE_ENTIERE:9
|                      CSTE_ENTIERE:7
|                  CSTE_ENTIERE:8
|                MULT:-989
|                  CSTE_ENTIERE:9
|                  CSTE_ENTIERE:4
|              MULT:-989
|                DIV:-988
|                  CSTE_ENTIERE:6
|                  CSTE_ENTIERE:5
|                PLUS:-990
|                  MOINS:-991
|                    CSTE_ENTIERE:8
|                    CSTE_ENTIERE:9
|                  DIV:-988
|                    CSTE_REEL:200
|                    CSTE_ENTIERE:5
|          :-999
|            OPAFF:-980
|              IDF:200
|              IDF:200
|            :-999
|              OPAFF:-980
|                IDF:200
|                IDF:200
|              :-999
|                OPAFF:-980
|                  IDF:200
|                  IDF:200
|                :-999
|                  OPAFF:-980
|                    IDF:200
|                    IDF:200
|                  :-999
|                    OPAFF:-980
|                      IDF:200
|                      IDF:200
|                    :-999
|                      OPAFF:-980
|                        IDF:200
|                        CSTE_STRING:200
|                      :-999
|                        OPAFF:-980
|                          IDF:200
|                          CSTE_CHAR:200
|                        :-999
|                          OPAFF:-980
|                            IDF:200
|                            CSTE_BOOL:200
|                          :-999
|                            OPAFF:-980
|                              IDF:200
|                              CSTE_REEL:200
|                            OPAFF:-980
|                              IDF:200
|                              CSTE_ENTIERE:1
